<component name="libraryTable">
  <library name="junit-4.12">
    <CLASSES>
      <root url="jar://$PROJECT_DIR$/lib/junit-4.12.jar!/" />
      <root url="jar://$PROJECT_DIR$/lib/JUnitParams-1.0.5.jar!/" />
      <root url="jar://$PROJECT_DIR$/lib/mockito-all-1.10.19.jar!/" />
    </CLASSES>
    <JAVADOC />
    <SOURCES>
      <root url="jar://$PROJECT_DIR$/lib/mockito-all-1.10.19.jar!/" />
    </SOURCES>
  </library>
</component>